
Circuit 1 cell sky130_fd_pr__nfet_01v8 and Circuit 2 cell sky130_fd_pr__nfet_01v8 are black boxes.
Equate elements:  no current cell.
Device classes sky130_fd_pr__nfet_01v8 and sky130_fd_pr__nfet_01v8 are equivalent.

Circuit 1 cell sky130_fd_pr__pfet_01v8 and Circuit 2 cell sky130_fd_pr__pfet_01v8 are black boxes.
Equate elements:  no current cell.
Device classes sky130_fd_pr__pfet_01v8 and sky130_fd_pr__pfet_01v8 are equivalent.

Subcircuit summary:
Circuit 1: inverter.spice                  |Circuit 2: inverter_layout.spice           
-------------------------------------------|-------------------------------------------
sky130_fd_pr__nfet_01v8 (1)                |sky130_fd_pr__nfet_01v8 (1)                
sky130_fd_pr__pfet_01v8 (1)                |sky130_fd_pr__pfet_01v8 (1)                
Number of devices: 2                       |Number of devices: 2                       
Number of nets: 4                          |Number of nets: 4                          
---------------------------------------------------------------------------------------
Netlists match uniquely with property errors.
sky130_fd_pr__pfet_01v8:M2 vs. sky130_fd_pr__pfet_01v8:1:
Property mult in circuit1 has no matching property in circuit2
sky130_fd_pr__pfet_01v8:M2 vs. sky130_fd_pr__pfet_01v8:1:
Property sd in circuit1 has no matching property in circuit2
sky130_fd_pr__pfet_01v8:M2 vs. sky130_fd_pr__pfet_01v8:1:
Property sb in circuit1 has no matching property in circuit2
sky130_fd_pr__pfet_01v8:M2 vs. sky130_fd_pr__pfet_01v8:1:
Property sa in circuit1 has no matching property in circuit2
sky130_fd_pr__pfet_01v8:M2 vs. sky130_fd_pr__pfet_01v8:1:
Property nrs in circuit1 has no matching property in circuit2
sky130_fd_pr__pfet_01v8:M2 vs. sky130_fd_pr__pfet_01v8:1:
Property nrd in circuit1 has no matching property in circuit2
 ps circuit1: 4.58   circuit2: 4.9   (delta=6.75%, cutoff=0%)
 pd circuit1: 4.58   circuit2: 4.9   (delta=6.75%, cutoff=0%)
 as circuit1: 0.58   circuit2: 0.9   (delta=43.2%, cutoff=0%)
 ad circuit1: 0.58   circuit2: 0.9   (delta=43.2%, cutoff=0%)
sky130_fd_pr__pfet_01v8:M2 vs. sky130_fd_pr__pfet_01v8:1:
Property nf in circuit1 has no matching property in circuit2
sky130_fd_pr__nfet_01v8:M1 vs. sky130_fd_pr__nfet_01v8:0:
Property mult in circuit1 has no matching property in circuit2
sky130_fd_pr__nfet_01v8:M1 vs. sky130_fd_pr__nfet_01v8:0:
Property sd in circuit1 has no matching property in circuit2
sky130_fd_pr__nfet_01v8:M1 vs. sky130_fd_pr__nfet_01v8:0:
Property sb in circuit1 has no matching property in circuit2
sky130_fd_pr__nfet_01v8:M1 vs. sky130_fd_pr__nfet_01v8:0:
Property sa in circuit1 has no matching property in circuit2
sky130_fd_pr__nfet_01v8:M1 vs. sky130_fd_pr__nfet_01v8:0:
Property nrs in circuit1 has no matching property in circuit2
sky130_fd_pr__nfet_01v8:M1 vs. sky130_fd_pr__nfet_01v8:0:
Property nrd in circuit1 has no matching property in circuit2
 ps circuit1: 2.58   circuit2: 2.9   (delta=11.7%, cutoff=0%)
 pd circuit1: 2.58   circuit2: 2.9   (delta=11.7%, cutoff=0%)
 as circuit1: 0.29   circuit2: 0.45   (delta=43.2%, cutoff=0%)
 ad circuit1: 0.29   circuit2: 0.45   (delta=43.2%, cutoff=0%)
sky130_fd_pr__nfet_01v8:M1 vs. sky130_fd_pr__nfet_01v8:0:
Property nf in circuit1 has no matching property in circuit2
Cells have no pins;  pin matching not needed.
Device classes inverter.spice and inverter_layout.spice are equivalent.

Final result: Circuits match uniquely.
Property errors were found.

The following cells had property errors:
 inverter.spice
